{"level":"info","message":"Server listening at port 5000","timestamp":"2018-06-01T11:30:37.445Z"}
{"level":"info","message":"Server listening at port 5000","timestamp":"2018-06-01T11:34:43.465Z"}
{"level":"info","message":"GET undefined / - 3","timestamp":"2018-06-01T11:34:45.101Z"}
{"level":"info","message":"GET undefined /favicon.ico - 1","timestamp":"2018-06-01T11:34:45.202Z"}
{"level":"info","message":"GET undefined /login - 1","timestamp":"2018-06-01T11:34:53.248Z"}
{"level":"info","message":"GET undefined /login - 5","timestamp":"2018-06-01T11:35:13.389Z"}
{"level":"info","message":"GET undefined /login - 4","timestamp":"2018-06-01T11:35:52.590Z"}
{"level":"info","message":"GET undefined /login - 1","timestamp":"2018-06-01T11:36:10.962Z"}
{"level":"info","message":"GET undefined /login - 2","timestamp":"2018-06-01T11:36:30.735Z"}
{"level":"info","message":"Server listening at port 5000","timestamp":"2018-06-01T11:37:43.260Z"}
{"level":"info","message":"GET /login - 15","timestamp":"2018-06-01T11:37:48.124Z"}
{"level":"info","message":"Server listening at port 5000","timestamp":"2018-06-01T11:42:09.788Z"}
{"level":"info","message":"GET [object Object] /login - 5","timestamp":"2018-06-01T11:42:17.773Z"}
{"level":"info","message":"Server listening at port 5000","timestamp":"2018-06-01T11:42:48.088Z"}
{"level":"info","message":"GET null /login - 13","timestamp":"2018-06-01T11:42:49.905Z"}
{"level":"info","message":"Server listening at port 5000","timestamp":"2018-06-01T11:43:01.769Z"}
{"level":"info","message":"GET null /login - 10","timestamp":"2018-06-01T11:43:03.297Z"}
{"level":"info","message":"Server listening at port 5000","timestamp":"2018-06-01T11:43:11.350Z"}
{"level":"info","message":"GET undefined /login - 7","timestamp":"2018-06-01T11:43:13.807Z"}
{"level":"info","message":"Server listening at port 5000","timestamp":"2018-06-01T11:43:56.144Z"}
{"level":"info","message":"GET null /login - 8","timestamp":"2018-06-01T11:43:58.709Z"}
{"level":"info","message":"Server listening at port 5000","timestamp":"2018-06-01T11:44:10.229Z"}
{"level":"info","message":"GET undefined /login - 13","timestamp":"2018-06-01T11:44:12.376Z"}
{"level":"info","message":"Server listening at port 5000","timestamp":"2018-06-01T11:44:26.363Z"}
{"level":"info","message":"GET null /login - 8","timestamp":"2018-06-01T11:44:28.726Z"}
{"level":"info","message":"Server listening at port 5000","timestamp":"2018-06-01T11:44:55.738Z"}
{"level":"info","message":"Server listening at port 5000","timestamp":"2018-06-01T11:45:13.141Z"}
{"level":"info","message":"GET function status(code) {\n  this.statusCode = code;\n  return this;\n} /login - 13","timestamp":"2018-06-01T11:45:15.222Z"}
{"level":"info","message":"Server listening at port 5000","timestamp":"2018-06-01T11:45:42.948Z"}
{"level":"info","message":"GET 304 /login - 14","timestamp":"2018-06-01T11:45:45.760Z"}
{"level":"info","message":"GET 304 /login - 4","timestamp":"2018-06-01T11:46:15.877Z"}
{"level":"info","message":"GET 304 /login - 1","timestamp":"2018-06-01T11:46:45.086Z"}
{"level":"info","message":"GET 304 /login - 2","timestamp":"2018-06-01T11:46:45.253Z"}
{"level":"info","message":"GET 304 /login - 2","timestamp":"2018-06-01T11:46:45.429Z"}
{"level":"info","message":"GET 304 /login - 0","timestamp":"2018-06-01T11:46:45.653Z"}
{"level":"info","message":"GET 304 /login - 6","timestamp":"2018-06-01T11:46:45.833Z"}
{"level":"info","message":"GET 304 /login - 1","timestamp":"2018-06-01T11:46:45.987Z"}
{"level":"info","message":"GET 304 /login - 1","timestamp":"2018-06-01T11:46:46.154Z"}
{"level":"info","message":"GET 304 /login - 1","timestamp":"2018-06-01T11:46:46.319Z"}
{"level":"info","message":"GET 304 /login - 2","timestamp":"2018-06-01T11:46:46.484Z"}
{"level":"info","message":"GET 304 /login - 2","timestamp":"2018-06-01T11:46:46.636Z"}
{"level":"info","message":"GET 304 /login - 1","timestamp":"2018-06-01T11:46:46.801Z"}
{"level":"info","message":"GET 304 /login - 0","timestamp":"2018-06-01T11:46:46.971Z"}
{"level":"info","message":"Server listening at port 5000","timestamp":"2018-06-01T11:48:56.734Z"}
{"level":"info","message":"Server listening at port 5000","timestamp":"2018-06-01T14:19:02.119Z"}
{"level":"info","message":"Server listening at port 5000","timestamp":"2018-06-01T14:21:20.000Z"}
{"level":"info","message":"GET 302 /signin/google - 6","timestamp":"2018-06-01T14:22:03.488Z"}
{"level":"info","message":"GET 302 /signin/google - 2","timestamp":"2018-06-01T14:23:38.642Z"}
{"level":"info","message":"GET 302 /signin/google - 1","timestamp":"2018-06-01T14:24:31.709Z"}
{"level":"info","message":"Server listening at port 5000","timestamp":"2018-06-01T14:24:58.056Z"}
{"level":"info","message":"GET 302 /signin/google - 5","timestamp":"2018-06-01T14:25:01.671Z"}
{"level":"info","message":"GET 302 /signin/google - 2","timestamp":"2018-06-01T14:25:45.129Z"}
{"level":"info","message":"GET 200 /auth/google/redirect?code=4/AAA_3ROLoUYOqul1nYPz1jqnARP-3GaSQIKbqKW5WL3_r-p-9cjkG3mntrINd9Oyq0pG8CZRMOVQw93sacH4r1A - 93","timestamp":"2018-06-01T14:25:50.359Z"}
{"level":"info","message":"GET 200 /favicon.ico - 0","timestamp":"2018-06-01T14:25:51.165Z"}
{"level":"info","message":"Server listening at port 5000","timestamp":"2018-06-01T14:27:31.980Z"}
{"level":"info","message":"GET 200 /auth/google/redirect?code=4/AAD0Vd3X9_5Zypw22fK97jFlA3H5bxVj0kP2zlxSXC9q9b49vhWseE0Dr6bXpxq8MdWeZe3lo6O5TL3GudIz8tQ - 25","timestamp":"2018-06-01T14:28:13.177Z"}
{"level":"info","message":"GET 200 /user/siginin/google - 0","timestamp":"2018-06-01T14:28:38.815Z"}
{"level":"info","message":"GET 302 /signin/google - 1","timestamp":"2018-06-01T14:28:54.751Z"}
{"level":"info","message":"GET 200 /auth/google/redirect?code=4/AAAJEFhOCz0-8nzPLQSPK4OFsOu0lgZi5RMgCbL02l5qD1LkPg6B2LCoOW4S4O5v6OPFRTRPQMdBE-lDjsog-HI - 3","timestamp":"2018-06-01T14:28:58.428Z"}
{"level":"info","message":"GET 302 /signin/google - 1","timestamp":"2018-06-01T14:30:59.687Z"}
{"level":"info","message":"GET 200 /auth/google/redirect?code=4/AAByaIRZajGQR3mL4Lf11dbrXhbEkb3SVM9ZZ9JNwsJVGLcGm0xS_4cMxyLGdMdurmNRBJKS9Vi9EHatJaY2r9A - 2","timestamp":"2018-06-01T14:31:03.531Z"}
{"level":"info","message":"Server listening at port 5000","timestamp":"2018-06-01T14:33:47.883Z"}
{"level":"info","message":"GET 302 /signin/google - 5","timestamp":"2018-06-01T14:33:59.503Z"}
{"level":"info","message":"GET 200 /auth/google/redirect?code=4/AAD95oV6UNOpFx5TIpGO430AUNwkqQPvtNb4jbtPwhfCapsn6IKgkrL0fFlRSnBaN9kid8lWrDnDqTy6rF-sppA - 40","timestamp":"2018-06-01T14:34:02.680Z"}
{"level":"info","message":"GET 304 /login - 9","timestamp":"2018-06-01T14:34:13.952Z"}
{"level":"info","message":"Server listening at port 5000","timestamp":"2018-06-01T14:36:07.274Z"}
{"level":"info","message":"GET 304 /login - 24","timestamp":"2018-06-01T14:36:11.485Z"}
{"level":"info","message":"GET 302 /signin/google - 4","timestamp":"2018-06-01T14:36:15.825Z"}
{"level":"info","message":"GET 200 /auth/google/redirect?code=4/AADS2DkBLryk-yyFtHpiihKfLin9ax3atpUybsDsCMbe5_lPIOuS4hG5GSNC56R00Cm-Ka4SJl_qlI1ZEiSCsrc - 34","timestamp":"2018-06-01T14:36:20.897Z"}
{"level":"info","message":"Server listening at port 5000","timestamp":"2018-06-01T14:38:26.280Z"}
{"level":"info","message":"GET 200 /user/siginin/google - 1","timestamp":"2018-06-01T14:38:38.625Z"}
{"level":"info","message":"GET 302 /signin/google - 4","timestamp":"2018-06-01T14:38:44.924Z"}
{"level":"info","message":"GET 200 /auth/google/redirect?code=4/AAD2qXSvsmkyPWLU-sNnIJmcUTPW2GK8ixrdW7nNMpn1KV3XmKc72tQtrA8sC27LoEJnIr_5nV0ErG7xj-zjvUw - 32","timestamp":"2018-06-01T14:38:48.393Z"}
{"level":"info","message":"Server listening at port 5000","timestamp":"2018-06-01T14:39:11.545Z"}
{"level":"info","message":"GET 200 /user/siginin/google - 1","timestamp":"2018-06-01T14:39:14.699Z"}
{"level":"info","message":"GET 302 /signin/google - 4","timestamp":"2018-06-01T14:39:21.778Z"}
{"level":"info","message":"GET 200 /auth/google/redirect?code=4/AABdYedENkLijvFiZLv_WYa_xg3ATf0kZe4b-N_LyB_dIOu5iKmWfN_E9lkGTgb3PR_qFS4umn_YcABYPWw6ZDY - 35","timestamp":"2018-06-01T14:39:24.397Z"}
{"level":"info","message":"Server listening at port 5000","timestamp":"2018-06-01T14:40:44.701Z"}
{"level":"info","message":"Server listening at port 5000","timestamp":"2018-06-01T14:43:06.672Z"}
{"level":"info","message":"GET 302 /signin/google - 5","timestamp":"2018-06-01T14:43:17.414Z"}
{"level":"info","message":"GET 200 /auth/google/redirect?code=4/AAAJMrp5c_kNMn-ajEjVxC6n8PZhD5rLUlTyVHtYddLY27orH5vCwyWgcBIQkl9C6ryIXnWRBXwmShkHqMKowUs - 30","timestamp":"2018-06-01T14:43:21.458Z"}
{"level":"info","message":"Server listening at port 5000","timestamp":"2018-06-01T14:43:52.130Z"}
{"level":"info","message":"GET 302 /signin/google - 9","timestamp":"2018-06-01T14:43:58.952Z"}
{"level":"info","message":"GET 200 /auth/google/redirect?code=4/AAD2Nj404jO1PCYc-7-3ZFsjdNEdSXSaQ74WcPnL51Qfv4RgMN83qgPy6-MbFhiAcatq25fWse2AF8tUeU-GYWw - 23","timestamp":"2018-06-01T14:44:02.223Z"}
{"level":"info","message":"GET 302 /signin/google - 2","timestamp":"2018-06-01T14:46:59.905Z"}
{"level":"info","message":"GET 200 /auth/google/redirect?code=4/AABJ5tpYS60bOBR7aLhVJUjW928I7iWJvEVoDd91JQKBmKTeS-TGlbiNNzeWqMpW7y16uZD63cOjhC5bDX8Ls0I - 3","timestamp":"2018-06-01T14:47:03.136Z"}
{"level":"info","message":"GET 200 /auth/google/redirect?code=4/AABJ5tpYS60bOBR7aLhVJUjW928I7iWJvEVoDd91JQKBmKTeS-TGlbiNNzeWqMpW7y16uZD63cOjhC5bDX8Ls0I - 3","timestamp":"2018-06-01T14:49:03.135Z"}
{"level":"info","message":"Server listening at port 5000","timestamp":"2018-06-01T14:50:32.221Z"}
{"level":"info","message":"GET 200 /signin/google - 2","timestamp":"2018-06-01T14:50:52.813Z"}
{"level":"info","message":"GET 200 /signin/google - 0","timestamp":"2018-06-01T14:51:00.498Z"}
{"level":"info","message":"GET 302 /signin/google - 4","timestamp":"2018-06-01T14:51:20.127Z"}
{"level":"info","message":"GET 200 /auth/google/redirect?code=4/AADskYppStcHNjtusDNpkGrGnbQCi3PQKa2NYuIQliqzcozpeF09kgERqOuWlZoSJnYi71DNMQ-2MHnmmOzbDis - 32","timestamp":"2018-06-01T14:51:24.871Z"}
{"level":"info","message":"GET 200 /signin/google - 1","timestamp":"2018-06-01T14:51:29.740Z"}
{"level":"info","message":"Server listening at port 5000","timestamp":"2018-06-01T16:21:31.008Z"}
{"level":"info","message":"GET 302 /signin/google - 12","timestamp":"2018-06-01T16:21:48.899Z"}
{"level":"info","message":"GET 200 /auth/google/redirect?code=4/AACRKDvU9ZJmFtqj4OApyvKQKX7Y1fqnEw_FEi9Bgw1fQ1ttaIycusgPGNJnrjxmHwgn-a2mma-fQ3U7qTo7mMo - 74","timestamp":"2018-06-01T16:22:15.006Z"}
{"level":"info","message":"Server listening at port 5000","timestamp":"2018-06-01T16:26:07.068Z"}
{"level":"info","message":"Server listening at port 5000","timestamp":"2018-06-01T16:27:01.264Z"}
{"level":"info","message":"GET 200 /signin/google - 5","timestamp":"2018-06-01T16:27:11.186Z"}
{"level":"info","message":"GET 302 /signin/google - 4","timestamp":"2018-06-01T16:27:19.237Z"}
{"level":"info","message":"GET 200 /auth/google/redirect?code=4/AADIiAdgjIB5STuEFa9Aik5OrIx6DN5SUlAm9dda8rxCm0A7wZ0N-vXMlfT0mkyuUOLNfNAIz-_YcusofZ62WiA - 33","timestamp":"2018-06-01T16:27:25.049Z"}
{"level":"info","message":"Server listening at port 5000","timestamp":"2018-06-01T16:27:47.290Z"}
{"level":"info","message":"GET 302 /signin/google - 10","timestamp":"2018-06-01T16:27:55.719Z"}
{"level":"info","message":"GET 200 /auth/google/redirect?code=4/AABfaauEXPIMYEAyYg0Ds1BwJmn9h-kxdD2_03smqOrP5J4upbCRo38YeRWOhRdTEq6I3fbKQcvWvSvQGq0IFhM - 34","timestamp":"2018-06-01T16:28:06.973Z"}
{"level":"info","message":"Server listening at port 5000","timestamp":"2018-06-01T16:32:18.460Z"}
{"level":"info","message":"Server listening at port 5000","timestamp":"2018-06-01T16:32:52.890Z"}
{"level":"info","message":"Server listening at port 5000","timestamp":"2018-06-01T16:38:41.191Z"}
{"level":"info","message":"Server listening at port 5000","timestamp":"2018-06-01T16:39:02.375Z"}
{"level":"info","message":"GET 302 /signin/google - 11","timestamp":"2018-06-01T16:39:36.238Z"}
{"level":"info","message":"GET 200 /auth/google/redirect?code=4/AAB45SnSDA-uo_FjKQr1rQzfBbDdrQIZRLNDAHecdZDuLGp75sh0HAiCUbZiP-4wRyg7-ttpi9Mv3H-yAZxAiJ8 - 39","timestamp":"2018-06-01T16:39:43.956Z"}
{"level":"info","message":"Server listening at port 5000","timestamp":"2018-06-01T16:41:07.441Z"}
{"level":"info","message":"GET 302 /signin/google - 5","timestamp":"2018-06-01T16:41:21.411Z"}
{"level":"info","message":"GET 200 /auth/google/redirect?code=4/AAB9bpcJ1a15f94Q1IPgfXQXCPIjdx0iZyqKJ1iCkdeZ24CZDqrarH4uS8tZdyaM5ZX7BFQ3dxORoruyNz31CAY - 33","timestamp":"2018-06-01T16:41:26.801Z"}
{"level":"info","message":"Server listening at port 5000","timestamp":"2018-06-01T16:45:33.476Z"}
{"level":"info","message":"GET 302 /signin/google - 6","timestamp":"2018-06-01T16:45:49.929Z"}
{"level":"info","message":"GET 200 /auth/google/redirect?code=4/AADjh_o7xCvrez5kkPLK-A3Po6DU8oG36R-SBzkc3CbhNb8mzDZpwyRaJYI-2IvxHZLf7GTPBovjE8ROTgHGxVo - 34","timestamp":"2018-06-01T16:45:59.286Z"}
{"level":"info","message":"Server listening at port 5000","timestamp":"2018-06-01T16:46:39.395Z"}
{"level":"info","message":"GET 302 /signin/google - 4","timestamp":"2018-06-01T16:46:52.009Z"}
{"level":"info","message":"GET 200 /auth/google/redirect?code=4/AAAxnniEhztjwMEpmcVSH-dEr-7n8lj-hU1JJKkWEGgsw21zDqCI_q42g6fi2nex-9IlNAVSlFRdTfHLiMMktjU - 37","timestamp":"2018-06-01T16:46:58.995Z"}
{"level":"info","message":"Server listening at port 5000","timestamp":"2018-06-01T16:48:35.882Z"}
{"level":"info","message":"GET 302 /signin/google - 5","timestamp":"2018-06-01T16:48:47.016Z"}
{"level":"info","message":"GET 200 /auth/google/redirect?code=4/AADL3Xj5MScGCCUN6r1auC8Wm0fi8bxYFXMbohwcFfFCfjn6tfVzZoM8F_EeGcmFUqrt65iflajeqaw-v58obx0 - 43","timestamp":"2018-06-01T16:48:53.866Z"}
{"level":"info","message":"Server listening at port 5000","timestamp":"2018-06-01T16:52:13.875Z"}
{"level":"info","message":"GET 302 /signin/google - 6","timestamp":"2018-06-01T16:52:24.871Z"}
{"level":"info","message":"GET 200 /auth/google/redirect?code=4/AABv_Stf_Fv4mptVVI4eAOXy7VB6nMVnWLmpXWalcnl9eDxoWRIo_ruChVv24tPsCOf2OINMBEAK4jRSzvAzm-0 - 33","timestamp":"2018-06-01T16:52:36.891Z"}
{"level":"info","message":"Server listening at port 5000","timestamp":"2018-06-01T16:55:07.093Z"}
{"level":"info","message":"Server listening at port 5000","timestamp":"2018-06-01T16:55:53.025Z"}
{"level":"info","message":"GET 302 /signin/google - 4","timestamp":"2018-06-01T16:56:02.571Z"}
{"level":"info","message":"GET 200 /auth/google/redirect?code=4/AACr00nuln2MpSrOxLM-1L5gBsPdBKIfZF7YxEX2tZZL1xHjtifvCWM4-Nw3CuS-1jQehXKtUXBDJoAippERIjo - 35","timestamp":"2018-06-01T16:56:06.508Z"}
{"level":"info","message":"Server listening at port 5000","timestamp":"2018-06-01T16:59:56.591Z"}
{"level":"info","message":"Server listening at port 5000","timestamp":"2018-06-01T17:00:37.365Z"}
{"level":"info","message":"Server listening at port 5000","timestamp":"2018-06-01T17:00:56.278Z"}
{"level":"info","message":"Server listening at port 5000","timestamp":"2018-06-01T17:02:39.891Z"}
{"level":"info","message":"Server listening at port 5000","timestamp":"2018-06-01T17:03:14.601Z"}
{"level":"info","message":"GET 302 /signin/google - 4","timestamp":"2018-06-01T17:03:22.365Z"}
{"level":"info","message":"GET 200 /auth/google/redirect?code=4/AADiB-wPUAs_dBGWlMqEB_DtYDHxRdtukLPFvz_7yMBcnDDkSaJyM3W98UsZuXJ-iUjlYERoDCE4_jQS0YpFSlw - 29","timestamp":"2018-06-01T17:03:27.916Z"}
{"level":"info","message":"Server listening at port 5000","timestamp":"2018-06-01T17:04:01.090Z"}
{"level":"info","message":"GET 302 /signin/google - 13","timestamp":"2018-06-01T17:04:08.967Z"}
{"level":"info","message":"GET 200 /auth/google/redirect?code=4/AABmwowPliUXNCZw_ztxdvfAm-xGfeVUuvgKFRKjQdSyWMmN4_OYpYpIvsUfgNrXpFywZqmHu0_Zntt0KFzosF4 - 54","timestamp":"2018-06-01T17:04:25.290Z"}
{"level":"info","message":"Server listening at port 5000","timestamp":"2018-06-01T17:05:06.270Z"}
{"level":"info","message":"GET 302 /signin/google - 6","timestamp":"2018-06-01T17:05:15.617Z"}
{"level":"info","message":"GET 200 /auth/google/redirect?code=4/AABiRQ4DBr-R5BjXCrKHLUUAdeIu0Jur-L0HODIKyRBO7u3K2TCmNR005HYgUUxxKhDsTZbDQBawxNi2YJNSJgQ - 40","timestamp":"2018-06-01T17:05:22.637Z"}
{"level":"info","message":"GET 302 /signin/google - 1","timestamp":"2018-06-01T17:06:23.349Z"}
{"level":"info","message":"Server listening at port 5000","timestamp":"2018-06-01T17:10:10.531Z"}
{"level":"info","message":"GET 200 /auth/google/redirect?code=4/AACVkO3Wc_JGdMYqAQX2n2jCjqxlgfWkt-FiOjEBwKZzm0mCq6B8MbGU_D42OooTk_ZtXq8DhYaYkYr3xyWxCzg - 42","timestamp":"2018-06-01T17:10:26.208Z"}
{"level":"info","message":"Server listening at port 5000","timestamp":"2018-06-01T17:14:02.658Z"}
{"level":"info","message":"GET 302 /signin/google - 6","timestamp":"2018-06-01T17:14:09.229Z"}
{"level":"info","message":"GET 200 /auth/google/redirect?code=4/AADTWt9veYD9q-7ucGyB1_JmJ67ISEY4pq_kvrKVM6xehdeUDt1KWYRoyfXU3h2rq0FSDUXX00eU8M1MVuV6bT4 - 34","timestamp":"2018-06-01T17:14:20.214Z"}
{"level":"info","message":"Server listening at port 5000","timestamp":"2018-06-01T17:17:10.640Z"}
{"level":"info","message":"Server listening at port 5000","timestamp":"2018-06-01T17:17:21.534Z"}
{"level":"info","message":"GET 304 /login - 6","timestamp":"2018-06-01T17:17:27.664Z"}
{"level":"info","message":"GET 302 /signin/google - 3","timestamp":"2018-06-01T17:17:39.783Z"}
{"level":"info","message":"GET 200 /auth/google/redirect?code=4/AADx-fM-LO_r9k2S_hphmW-2KRJUTStndc-rmn0nFesz3ck57mh92ZVC9RKk-kS84-gDDWVVR0dGXRWfIzTtbHM - 34","timestamp":"2018-06-01T17:17:43.113Z"}
{"level":"info","message":"Server listening at port 5000","timestamp":"2018-06-01T17:18:24.344Z"}
{"level":"info","message":"GET 200 /auth/google/redirect?code=4/AABYvob3kXQ8hgRzB154-eXCzbsrEkj7wdA1zuVArl8s5U0HDEpYJdHsaNHMPbxnzZgn-27EoIIV-T8XPC2i9vw - 42","timestamp":"2018-06-01T17:18:34.365Z"}
{"level":"info","message":"Server listening at port 5000","timestamp":"2018-06-01T17:21:03.645Z"}
{"level":"info","message":"GET 302 /signin/google - 7","timestamp":"2018-06-01T17:21:07.328Z"}
{"level":"info","message":"GET 200 /auth/google/redirect?code=4/AADlNloXYG7U7W44SybSNc8DBmJCZsg-ni6SR1IIwHpLv8rN6qV8HL5y4TMoqJsvWI1S--5YrBxaFlItr9ISqXE - 21","timestamp":"2018-06-01T17:21:21.621Z"}
{"level":"info","message":"Server listening at port 5000","timestamp":"2018-06-01T17:21:41.515Z"}
{"level":"info","message":"Server listening at port 5000","timestamp":"2018-06-01T17:23:55.004Z"}
{"level":"info","message":"Server listening at port 5000","timestamp":"2018-06-01T17:24:33.876Z"}
{"level":"info","message":"POST 200 /user/register - 1","timestamp":"2018-06-01T17:25:34.866Z"}
{"level":"info","message":"Server listening at port 5000","timestamp":"2018-06-01T17:25:57.436Z"}
{"level":"info","message":"POST 200 /user/register - 1","timestamp":"2018-06-01T17:26:01.101Z"}
{"level":"info","message":"Server listening at port 5000","timestamp":"2018-06-01T17:26:29.730Z"}
{"level":"info","message":"POST 200 /user/register - 13","timestamp":"2018-06-01T17:26:34.013Z"}
{"level":"info","message":"Server listening at port 5000","timestamp":"2018-06-01T17:32:49.579Z"}
{"level":"info","message":"POST 200 /user/register - 14","timestamp":"2018-06-01T17:32:51.921Z"}
{"level":"info","message":"Server listening at port 5000","timestamp":"2018-06-01T17:34:03.184Z"}
{"level":"info","message":"POST 200 /user/register - 9","timestamp":"2018-06-01T17:34:07.796Z"}
{"level":"info","message":"Server listening at port 5000","timestamp":"2018-06-01T17:34:23.484Z"}
{"level":"info","message":"Server listening at port 5000","timestamp":"2018-06-01T17:36:28.914Z"}
{"level":"info","message":"Server listening at port 5000","timestamp":"2018-06-01T17:36:52.902Z"}
{"level":"info","message":"Server listening at port 5000","timestamp":"2018-06-01T17:37:16.540Z"}
{"level":"info","message":"Server listening at port 5000","timestamp":"2018-06-01T17:38:32.459Z"}
{"level":"info","message":"Server listening at port 5000","timestamp":"2018-06-01T17:39:36.339Z"}
{"level":"info","message":"POST 200 /user/register - 14","timestamp":"2018-06-01T17:39:41.815Z"}
{"level":"info","message":"Server listening at port 5000","timestamp":"2018-06-01T17:41:52.230Z"}
{"level":"info","message":"Server listening at port 5000","timestamp":"2018-06-01T17:42:11.482Z"}
{"level":"info","message":"GET 302 /signin/google - 9","timestamp":"2018-06-01T17:42:19.009Z"}
{"level":"info","message":"GET 200 /auth/google/redirect?code=4/AAC_VNSP8XXdfVXguTg_IUOgJmpPtfwEn99-sTXuuDFmz19ngdQ3Rmn-CM7DiJdaPhrl82XvEu8HQldTBZISL_g - 54","timestamp":"2018-06-01T17:42:25.405Z"}
{"level":"info","message":"Server listening at port 5000","timestamp":"2018-06-01T17:43:12.442Z"}
{"level":"info","message":"GET 200 /auth/google/redirect?code=4/AABv_Stf_Fv4mptVVI4eAOXy7VB6nMVnWLmpXWalcnl9eDxoWRIo_ruChVv24tPsCOf2OINMBEAK4jRSzvAzm-0 - 22","timestamp":"2018-06-01T17:43:17.638Z"}
{"level":"info","message":"GET 302 /signin/google - 3","timestamp":"2018-06-01T17:43:34.794Z"}
{"level":"info","message":"GET 200 /auth/google/redirect?code=4/AACe9Ig2Vrcuwlh48c3Fk2_TbOYG7ZrKJVRlJPmh-ILbZGy0X0J-sBof7eqZ1IKiPNl8m_E7FiDMmrw8ibO6inA - 9","timestamp":"2018-06-01T17:43:37.404Z"}
{"level":"info","message":"GET 200 /welcome - 6","timestamp":"2018-06-01T17:43:38.743Z"}
{"level":"info","message":"Server listening at port 5000","timestamp":"2018-06-01T17:45:36.189Z"}
{"level":"info","message":"GET 302 /signin/google - 9","timestamp":"2018-06-01T17:51:46.849Z"}
{"level":"info","message":"Server listening at port 5000","timestamp":"2018-06-01T17:54:52.261Z"}
{"level":"info","message":"Server listening at port 5000","timestamp":"2018-06-01T17:55:38.033Z"}
{"level":"info","message":"Server listening at port 5000","timestamp":"2018-06-01T17:56:25.796Z"}
{"level":"info","message":"Server listening at port 5000","timestamp":"2018-06-01T17:56:57.381Z"}
{"level":"info","message":"POST 200 /login - 3","timestamp":"2018-06-01T17:58:10.893Z"}
{"level":"info","message":"POST 200 /login - 0","timestamp":"2018-06-01T17:58:24.091Z"}
{"level":"info","message":"POST 200 /login - 1","timestamp":"2018-06-01T17:58:30.884Z"}
{"level":"info","message":"Server listening at port 5000","timestamp":"2018-06-01T18:04:02.712Z"}
{"level":"info","message":"GET 200 /logout - 15","timestamp":"2018-06-01T18:04:22.186Z"}
{"level":"info","message":"Server listening at port 5000","timestamp":"2018-06-01T18:05:38.523Z"}
{"level":"info","message":"Server listening at port 5000","timestamp":"2018-06-01T18:07:53.074Z"}
{"level":"info","message":"Server listening at port 5000","timestamp":"2018-06-01T18:10:01.188Z"}
{"level":"info","message":"Server listening at port 5000","timestamp":"2018-06-01T18:11:10.032Z"}
{"level":"info","message":"POST 200 /register - 8","timestamp":"2018-06-01T18:13:16.802Z"}
{"level":"info","message":"Server listening at port 5000","timestamp":"2018-06-01T18:16:12.265Z"}
{"level":"info","message":"GET 401 /logout - 9","timestamp":"2018-06-01T18:16:17.841Z"}
{"level":"info","message":"POST 200 /login - 3","timestamp":"2018-06-01T18:17:09.181Z"}
{"level":"info","message":"GET 200 /logout - 3","timestamp":"2018-06-01T18:17:41.141Z"}
{"level":"info","message":"POST 200 /forgot-password - 1","timestamp":"2018-06-01T18:18:25.782Z"}
{"level":"info","message":"POST 404 /reset-password/2a9bbf3cda69e253e56ce52a064b1c44129bb057 - 3","timestamp":"2018-06-01T18:20:32.301Z"}
{"level":"info","message":"POST 200 /reset-password/2a9bbf3cda69e253e56ce52a064b1c44129bb057 - 1","timestamp":"2018-06-01T18:20:50.540Z"}
{"level":"info","message":"Server listening at port 5000","timestamp":"2018-06-01T18:21:20.134Z"}
{"level":"info","message":"POST 200 /login - 10","timestamp":"2018-06-01T18:22:18.803Z"}
{"level":"info","message":"GET 200 /logout - 2","timestamp":"2018-06-01T18:22:41.715Z"}
{"level":"info","message":"POST 200 /forgot-password - 1","timestamp":"2018-06-01T18:22:53.300Z"}
{"level":"info","message":"POST 200 /reset-password/e32e8ee160da31333a8d693e9cd1642bbcca7d68 - 2","timestamp":"2018-06-01T18:23:38.041Z"}
{"level":"info","message":"POST 200 /login - 0","timestamp":"2018-06-01T18:23:46.531Z"}
{"level":"info","message":"GET 200 /logout - 2","timestamp":"2018-06-01T18:23:51.423Z"}
{"level":"info","message":"GET 302 /signin/google - 10","timestamp":"2018-06-01T18:24:47.590Z"}
{"level":"info","message":"GET 200 /auth/google/redirect?code=4/AADJamp5-kg-n7wVwPyq5nbjlnt-OnFmGZC0FBXn1LI_P8ouA8Y5PkD5s7tr85metSHxLCeoQnMJ4zTfaTVYgKM - 13","timestamp":"2018-06-01T18:24:53.918Z"}
{"level":"info","message":"GET 304 /welcome - 3","timestamp":"2018-06-01T18:24:55.337Z"}
{"level":"info","message":"GET 200 /logout - 2","timestamp":"2018-06-01T18:25:17.942Z"}
{"level":"info","message":"GET 302 /signin/google - 1","timestamp":"2018-06-01T18:25:23.825Z"}
{"level":"info","message":"GET 200 /auth/google/redirect?code=4/AACEqPpr-q76eMRaVdjXJDk2NfBiA0GPQljYs55ak2AzLLOKLEx5c2A1-J2KqoP9kdT1lEDw4lU8ZN1gWKnY8b4 - 5","timestamp":"2018-06-01T18:25:26.615Z"}
{"level":"info","message":"GET 304 /welcome - 2","timestamp":"2018-06-01T18:25:27.522Z"}
